# OPS LOG

## 2026-02-19 19:04:59
- Commit: bfa8db751df9b825c6219fdc87d4094b53a6712b
- Message: chore: install automatic ops tracking
- Report: docs/ops-log/2026-02-19_19-04.md
- Modified files:
  - .githooks/post-commit
  - CHANGELOG.md
  - STATE_NOW.md
  - ops.log
  - scripts/generateOpsLog.cjs
## 2026-02-19 19:05:20
- Commit: ff6c001faecc119c4152708a43ecd56228441cc8
- Message: test: verify ops hook
- Report: docs/ops-log/2026-02-19_19-05.md
- Modified files:
  - (no file changes)
## 2026-02-19 19:09:48
- Commit: 2841579406593e5ca25bcfe24e8527fc143e50c0
- Message: test tracking
- Report: docs/ops-log/2026-02-19_19-09.md
- Modified files:
  - .gitignore
  - CHANGELOG.md
  - README.md
  - STATE_NOW.md
  - docs/ops-log/2026-02-19_19-04.md
  - docs/ops-log/2026-02-19_19-05.md
  - eslint.config.js
  - index.html
  - ops.log
  - package-lock.json
  - package.json
  - public/vite.svg
  - src/App.css
  - src/App.tsx
  - src/assets/react.svg
  - src/index.css
  - src/main.tsx
  - src/models/GPXFile.ts
  - src/models/Giorno.ts
  - src/models/Viaggio.ts
  - src/navigation/providers/organicMaps.ts
  - src/navigation/providers/providerBase.ts
  - src/services/gpxService.ts
  - src/services/navigationService.ts
  - src/services/storage.ts
  - tsconfig.app.json
  - tsconfig.json
  - tsconfig.node.json
  - vite.config.ts
## 2026-02-19 22:23:28
- Commit: e310e076131254cccdbe48ba2a2ea66e4f6f480d
- Message: aggiornamento
- Report: docs/ops-log/2026-02-19_22-23.md
- Modified files:
  - CHANGELOG.md
  - STATE_NOW.md
  - docs/ops-log/2026-02-19_19-09.md
  - ops.log
  - src/App.tsx
  - src/components/DayMap.tsx
  - src/models/GPXFile.ts
  - src/models/Giorno.ts
  - src/models/TrackPoint.ts
  - src/models/Viaggio.ts
  - src/pages/DettaglioViaggio.tsx
  - src/pages/Giorni.tsx
  - src/pages/GiornoDettaglio.tsx
  - src/pages/Home.css
  - src/pages/Home.tsx
  - src/pages/TestImportGPX.tsx
  - src/pages/Viaggi.tsx
  - src/services/geocodeService.ts
  - src/services/gpxService.ts
  - src/services/storage.ts
  - src/styles/layout.css
  - src/styles/theme.css
  - src/utils/geo.ts
